C	129212|CM110023.1|tile14543130|pos72715646-72715697	129211	52	0:8 3211:5 129211:2 0:3
C	129212|CM110024.1|tile1444|pos7216-7267	129212	52	0:1 129212:4 0:7 3211:1 129212:4 0:1
C	129212|CM110024.1|tile1445|pos7221-7272	129212	52	129212:2 0:10 129212:2 0:4
C	129212|CM110024.1|tile1447|pos7231-7282	129212	52	0:4 129212:5 0:3 129212:5 0:1
C	129212|CM110024.1|tile1449|pos7241-7292	129212	52	0:8 129212:9 0:1
C	129212|CM110025.1|tile823217|pos4116081-4116132	129212	52	0:8 129212:7 0:3
C	129212|CM110025.1|tile823224|pos4116116-4116167	129212	52	0:1 129212:6 0:3 129212:5 0:3
C	129212|CM110025.1|tile823227|pos4116131-4116182	129212	52	129212:5 0:6 129212:4 0:3
C	129212|CM110025.1|tile823229|pos4116141-4116192	129212	52	129212:1 0:15 129212:2
C	129212|CM110025.1|tile823230|pos4116146-4116197	129212	52	0:1 129212:2 0:11 129212:4
C	129212|CM110025.1|tile823233|pos4116161-4116212	129212	52	0:4 129212:1 0:8 129212:2 0:3
C	129212|CM110025.1|tile823236|pos4116176-4116227	129212	52	0:8 129212:7 0:3
C	129212|CM110025.1|tile823241|pos4116201-4116252	129212	52	0:1 129212:2 0:13 129212:2
C	129212|CM110025.1|tile823244|pos4116216-4116267	129212	52	0:1 570161:1 0:2 129212:5 0:5 129212:1 0:1 129212:2
C	129212|CM110025.1|tile823245|pos4116221-4116272	129212	52	0:4 129212:5 0:1 129212:1 0:5 129212:1 0:1
C	129212|CM110025.1|tile823249|pos4116241-4116292	129212	52	129212:6 0:10 129212:1 0:1
C	129212|CM110025.1|tile823250|pos4116246-4116297	129212	52	0:6 129212:1 0:5 129212:3 0:3
C	129212|CM110025.1|tile823251|pos4116251-4116302	129212	52	0:2 129212:3 0:5 129212:7 0:1
C	129212|CM110025.1|tile823255|pos4116271-4116322	129212	52	0:2 129212:3 0:5 129212:7 0:1
C	129212|CM110025.1|tile823260|pos4116296-4116347	129212	52	0:4 129212:8 0:5 129212:1
C	129212|CM110025.1|tile823262|pos4116306-4116357	129212	52	0:2 129212:5 0:3 129212:5 0:3
C	129212|CM110025.1|tile823265|pos4116321-4116372	129212	52	129212:5 0:3 129212:7 0:1 129212:2
C	129212|CM110025.1|tile823267|pos4116331-4116382	129212	52	0:5 129212:1 0:5 129212:2 0:5
C	129212|CM110025.1|tile823268|pos4116336-4116387	129212	52	0:11 129212:6 0:1
C	129212|CM110025.1|tile823270|pos4116346-4116397	129212	52	0:10 129212:7 0:1
C	129212|CM110025.1|tile823274|pos4116366-4116417	129212	52	129212:5 0:7 129212:1 0:5
C	129212|CM110025.1|tile823275|pos4116371-4116422	129212	52	129212:5 0:3 129212:6 0:4
C	129212|CM110025.1|tile823276|pos4116376-4116427	129212	52	0:1 129212:1 0:12 129212:4
C	129212|CM110025.1|tile823281|pos4116401-4116452	129212	52	0:1 129212:8 0:3 3193:3 0:3
C	129212|CM110025.1|tile823283|pos4116411-4116462	129212	52	0:11 129212:4 0:3
C	129212|CM110025.1|tile823284|pos4116416-4116467	129212	52	0:1 129212:4 0:10 129212:2 0:1
C	129212|CM110025.1|tile823286|pos4116426-4116477	129212	52	129212:5 0:7 129212:2 0:4
C	129212|CM110025.1|tile823289|pos4116441-4116492	129212	52	0:4 129212:1 0:3 129212:1 0:9
C	129212|CM110025.1|tile823290|pos4116446-4116497	129212	52	0:4 129212:4 0:6 129212:4
C	129212|CM110025.1|tile823292|pos4116456-4116507	129212	52	129212:4 0:14
C	129212|CM110025.1|tile823294|pos4116466-4116517	129212	52	129212:3 0:5 129212:1 0:3 129212:5 0:1
C	129212|CM110025.1|tile823296|pos4116476-4116527	129212	52	129212:1 0:9 129212:1 0:7
C	129212|CM110025.1|tile823302|pos4116506-4116557	129212	52	129212:3 0:5 129212:5 0:1 129212:1 0:3
C	129212|CM110025.1|tile823306|pos4116526-4116577	129212	52	129212:3 0:1 129212:1 0:11 129212:2
C	129212|CM110025.1|tile823309|pos4116541-4116592	129212	52	0:4 129212:5 0:1 129212:1 0:7
C	129212|CM110025.1|tile823310|pos4116546-4116597	129212	52	0:4 129212:1 0:5 129212:5 0:3
C	129212|CM110025.1|tile823751|pos4118751-4118802	129212	52	0:8 129212:7 0:3
C	129212|CM110025.1|tile823758|pos4118786-4118837	129212	52	0:1 129212:6 0:3 129212:5 0:3
C	129212|CM110025.1|tile823763|pos4118811-4118862	129212	52	129212:1 0:15 129212:2
C	129212|CM110025.1|tile823770|pos4118846-4118897	129212	52	0:8 129212:7 0:3
C	129212|CM110025.1|tile823774|pos4118866-4118917	129212	52	0:2 129212:6 0:10
C	129212|CM110025.1|tile823783|pos4118911-4118962	129212	52	129212:6 0:12
C	129212|CM110025.1|tile823809|pos4119041-4119092	129212	52	0:8 129212:6 0:4
C	129212|CM110025.1|tile823810|pos4119046-4119097	129212	52	0:1 129212:1 0:12 129212:4
C	129212|CM110025.1|tile823815|pos4119071-4119122	129212	52	0:1 129212:8 0:3 3193:3 0:3
C	129212|CM110025.1|tile823818|pos4119086-4119137	129212	52	0:1 129212:4 0:10 129212:2 0:1
C	129212|CM110025.1|tile823820|pos4119096-4119147	129212	52	129212:5 0:7 129212:2 0:4
C	129212|CM110025.1|tile823823|pos4119111-4119162	129212	52	0:4 129212:1 0:3 129212:1 0:9
C	129212|CM110025.1|tile823824|pos4119116-4119167	129212	52	0:1 129212:2 0:1 129212:4 0:6 129212:4
C	129212|CM110025.1|tile823826|pos4119126-4119177	129212	52	129212:4 0:14
C	129212|CM110025.1|tile823836|pos4119176-4119227	129212	52	3705:1 0:7 129212:5 0:1 129212:1 0:3
C	129212|CM110025.1|tile823840|pos4119196-4119247	129212	52	129212:3 0:1 129212:1 0:11 129212:2
C	129212|CM110025.1|tile823843|pos4119211-4119262	129212	52	0:4 129212:5 0:1 129212:1 0:7
C	129212|CM110025.1|tile823844|pos4119216-4119267	129212	52	0:4 129212:1 0:5 129212:5 0:3
C	129212|CM110025.1|tile3043561|pos15217801-15217852	129212	52	0:5 129212:2 0:9 129212:2
C	129212|CM110025.1|tile3043566|pos15217826-15217877	129212	52	0:2 129212:4 0:4 129212:5 0:3
C	129212|CM110025.1|tile3043569|pos15217841-15217892	129212	52	0:8 129212:7 0:3
C	129212|CM110025.1|tile3043570|pos15217846-15217897	129212	52	129212:3 0:7 129212:2 0:6
C	129212|CM110025.1|tile3043572|pos15217856-15217907	129212	52	0:2 129212:5 0:9 129212:2
C	129212|CM110025.1|tile3043576|pos15217876-15217927	129212	52	0:1 129212:4 0:5 129212:5 0:3
C	129212|CM110025.1|tile3043579|pos15217891-15217942	129212	52	0:1 129212:2 0:12 129212:3
C	129212|CM110025.1|tile3043582|pos15217906-15217957	129212	52	0:10 129212:3 0:3 129212:2
C	129212|CM110025.1|tile3043583|pos15217911-15217962	129212	52	0:4 129212:1 0:3 129212:3 0:7
C	129212|CM110025.1|tile3043586|pos15217926-15217977	129212	52	0:2 129212:1 0:5 129212:1 0:9
C	129212|CM110025.1|tile3043658|pos15218286-15218337	129212	52	0:11 129212:2 0:1 129212:3 0:1
C	129212|CM110025.1|tile3043659|pos15218291-15218342	129212	52	0:8 129212:1 0:5 129212:4
C	129212|CM110025.1|tile3043763|pos15218811-15218862	129212	52	129212:2 0:14 129212:2
C	129212|CM110025.1|tile3043764|pos15218816-15218867	129212	52	0:5 129212:4 0:1 129212:1 0:5 129212:2
C	129212|CM110025.1|tile3043765|pos15218821-15218872	129212	52	0:4 129212:1 0:9 129212:4
C	129212|CM110025.1|tile3044048|pos15220236-15220287	129212	52	0:8 129212:7 0:3
C	129212|CM110025.1|tile3044049|pos15220241-15220292	129212	52	0:1 129212:2 0:13 129212:2
C	129212|CM110025.1|tile3044051|pos15220251-15220302	129212	52	0:1 129212:2 0:9 129212:6
C	129212|CM110025.1|tile3044055|pos15220271-15220322	129212	52	129212:18
C	129212|CM110027.1|tile167053|pos835261-835312	129212	52	404260:5 0:5 129212:5 0:3
C	129212|CM110027.1|tile167056|pos835276-835327	129212	52	129212:5 0:7 129212:2 0:4
C	129212|CM110027.1|tile167057|pos835281-835332	129212	52	3211:1 0:5 129212:1 0:11
C	129212|CM110027.1|tile167058|pos835286-835337	129212	52	0:4 129212:2 0:10 3211:2
C	129212|CM110027.1|tile167060|pos835296-835347	129212	52	129212:1 0:11 3211:2 0:4
C	129212|CM110027.1|tile167063|pos835311-835362	129212	52	0:1 129212:8 0:9
C	129212|CM110027.1|tile167065|pos835321-835372	129212	52	0:1 129212:4 0:3 129212:5 0:5
C	129212|CM110027.1|tile167067|pos835331-835382	129212	52	0:3 129212:2 0:10 129212:2 0:1
C	129212|CM110027.1|tile167068|pos835336-835387	129212	52	0:1 129212:3 3211:1 0:7 129212:5 9796:1
C	129212|CM110027.1|tile167069|pos835341-835392	129212	52	3211:5 0:7 129212:3 0:3
C	129212|CM110027.1|tile167072|pos835356-835407	129212	52	129212:5 0:12 129212:1
C	129212|CM110027.1|tile167074|pos835366-835417	129212	52	0:2 129212:5 0:3 3211:5 0:3
C	129212|CM110027.1|tile167076|pos835376-835427	129212	52	0:5 129212:1 0:7 3211:5
C	129212|CM110027.1|tile167077|pos835381-835432	129212	52	0:14 3211:2 129212:2
C	129212|CM110027.1|tile167078|pos835386-835437	129212	52	3211:3 0:11 129212:1 0:3
C	129212|CM110027.1|tile167083|pos835411-835462	129212	52	129212:9 0:2 129212:7
C	129212|CM110027.1|tile167085|pos835421-835472	129212	52	0:12 129212:4 3211:2
C	129212|CM110027.1|tile167089|pos835441-835492	129212	52	0:13 129212:3 0:2
C	129212|CM110027.1|tile167091|pos835451-835502	129212	52	129212:6 0:12
C	129212|CM110027.1|tile167108|pos835536-835587	129212	52	129212:1 0:1 129212:7 3211:1 0:8
C	129212|CM110027.1|tile167109|pos835541-835592	129212	52	0:13 129212:4 0:1
C	129212|CM110027.1|tile167110|pos835546-835597	129212	52	3211:1 0:11 129212:5 0:1
C	129212|CM110027.1|tile167111|pos835551-835602	129212	52	129212:3 0:9 129212:1 0:5
C	129212|CM110027.1|tile167113|pos835561-835612	129212	52	0:4 129212:5 0:5 129212:3 0:1
C	129212|CM110027.1|tile167116|pos835576-835627	129212	52	0:2 129212:4 0:5 129212:2 0:3 129212:2
C	129212|CM110027.1|tile167118|pos835586-835637	129212	52	129212:1 0:2 131567:3 0:7 129212:2 0:3
C	129212|CM110027.1|tile167120|pos835596-835647	129212	52	0:1 129212:2 0:5 129212:5 0:5
C	129212|CM110027.1|tile167122|pos835606-835657	129212	52	0:3 129212:2 0:5 129212:3 0:5
C	129212|CM110027.1|tile167123|pos835611-835662	129212	52	129212:5 0:3 129212:1 0:9
C	129212|CM110027.1|tile167125|pos835621-835672	129212	52	129212:7 0:11
C	129212|CM110027.1|tile167126|pos835626-835677	129212	52	0:4 129212:5 0:1 129212:5 0:3
C	129212|CM110027.1|tile167130|pos835646-835697	129212	52	129212:1 0:2 2759:5 0:2 3193:2 2759:5 3193:1
C	129212|CM110027.1|tile167196|pos835976-836027	129212	52	3211:4 129212:1 3211:2 129212:3 3211:4 129212:4
C	129212|CM110029.1|tile4799695|pos23998471-23998522	129212	52	0:2 129212:1 0:14 129212:1
C	129212|CM110029.1|tile4799696|pos23998476-23998527	129212	52	129212:5 0:13
C	129212|CM110029.1|tile4799697|pos23998481-23998532	129212	52	0:1 129212:6 0:1 129212:3 0:6 129212:1
C	129212|CM110029.1|tile4799699|pos23998491-23998542	129212	52	0:2 129212:5 0:3 129212:5 0:3
C	129212|CM110029.1|tile4799700|pos23998496-23998547	129212	52	0:4 129212:1 0:5 129212:2 0:6
C	129212|CM110029.1|tile4799702|pos23998506-23998557	129212	52	0:2 129212:5 0:5 129212:5 0:1
C	129212|CM110029.1|tile4799704|pos23998516-23998567	129212	52	0:8 129212:9 0:1
C	129212|CM110029.1|tile4799713|pos23998561-23998612	129212	52	0:4 129212:1 0:3 129212:1 0:3 129212:1 0:5
C	129212|CM110029.1|tile4799714|pos23998566-23998617	129212	52	0:2 129212:1 0:5 129212:5 0:3 129212:2
C	129212|CM110029.1|tile4799719|pos23998591-23998642	129212	52	129212:1 0:15 129212:2
C	129212|CM110029.1|tile4799721|pos23998601-23998652	129212	52	129212:6 0:5 129212:2 0:5
C	129212|CM110029.1|tile4799723|pos23998611-23998662	129212	52	0:4 129212:1 0:9 129212:4
C	129212|CM110029.1|tile4799726|pos23998626-23998677	129212	52	0:4 129212:13 0:1
C	129212|CM110029.1|tile4799729|pos23998641-23998692	129212	52	0:8 129212:1 0:1 129212:5 0:3
C	129212|CM110029.1|tile4799733|pos23998661-23998712	129212	52	129212:9 0:3 129212:5 0:1
C	129212|CM110029.1|tile4799735|pos23998671-23998722	129212	52	0:8 129212:5 0:1 129212:4
C	129212|CM110029.1|tile4799737|pos23998681-23998732	129212	52	0:11 129212:2 0:3 129212:2
C	129212|CM110029.1|tile4799740|pos23998696-23998747	129212	52	129212:1 0:12 129212:5
C	129212|CM110029.1|tile4799745|pos23998721-23998772	129212	52	0:1 129212:2 0:11 129212:4
C	129212|CM110029.1|tile4799747|pos23998731-23998782	129212	52	0:9 129212:1 0:6 129212:2
C	129212|CM110029.1|tile4799752|pos23998756-23998807	129212	52	129212:3 0:5 129212:5 0:5
C	129212|CM110029.1|tile4799753|pos23998761-23998812	129212	52	129212:3 0:5 129212:5 0:3 129212:2
C	129212|CM110029.1|tile4799756|pos23998776-23998827	129212	52	0:6 129212:1 0:3 129212:8
C	129212|CM110029.1|tile4799759|pos23998791-23998842	129212	52	0:8 129212:9 0:1
C	129212|CM110029.1|tile4799762|pos23998806-23998857	129212	52	0:4 129212:4 131567:2 129212:5 0:3
C	129212|CM110029.1|tile4799765|pos23998821-23998872	129212	52	0:2 129212:1 0:1 129212:3 0:3 129212:5 0:3
C	129212|CM110029.1|tile4799770|pos23998846-23998897	129212	52	0:4 129212:5 0:1 129212:5 0:1 129212:2
C	129212|CM110029.1|tile4799773|pos23998861-23998912	129212	52	0:8 129212:2 0:5 129212:3
C	129212|CM110029.1|tile4799775|pos23998871-23998922	129212	52	129212:5 0:11 129212:2
C	129212|CM110029.1|tile4799778|pos23998886-23998937	129212	52	0:11 129212:6 0:1
C	129212|CM110029.1|tile4799779|pos23998891-23998942	129212	52	0:14 129212:3 0:1
C	129212|CM110029.1|tile4799780|pos23998896-23998947	129212	52	0:8 129212:1 0:3 129212:5 0:1
C	129212|CM110029.1|tile4799781|pos23998901-23998952	129212	52	0:2 129212:1 0:13 129212:1 0:1
C	129212|CM110029.1|tile4799782|pos23998906-23998957	129212	52	0:7 129212:2 0:3 129212:3 0:3
C	129212|CM110029.1|tile4799785|pos23998921-23998972	129212	52	0:5 129212:10 0:3
C	129212|CM110029.1|tile4799788|pos23998936-23998987	129212	52	0:14 129212:4
C	129212|CM110029.1|tile4799789|pos23998941-23998992	129212	52	129212:5 0:3 129212:1 0:9
C	129212|CM110029.1|tile4799790|pos23998946-23998997	129212	52	129212:3 0:8 129212:4 0:1 129212:2
C	129212|CM110029.1|tile4799797|pos23998981-23999032	129212	52	0:10 129212:7 0:1
C	129212|CM110029.1|tile4799798|pos23998986-23999037	129212	52	0:12 129212:4 0:2
C	129212|CM110029.1|tile4799802|pos23999006-23999057	129212	52	129212:3 0:1 129212:1 0:13
C	129212|CM110029.1|tile4799803|pos23999011-23999062	129212	52	129212:3 0:7 129212:8
C	129212|CM110029.1|tile4799804|pos23999016-23999067	129212	52	129212:5 0:13
C	129212|CM110029.1|tile4799807|pos23999031-23999082	129212	52	129212:3 0:10 129212:1 0:4
C	129212|CM110029.1|tile4799809|pos23999041-23999092	129212	52	0:1 129212:2 0:1 129212:11 0:3
C	129212|CM110029.1|tile4799812|pos23999056-23999107	129212	52	129212:5 0:5 129212:5 0:1 129212:2
C	129212|CM110029.1|tile4799814|pos23999066-23999117	129212	52	0:14 129212:4
C	129212|CM110029.1|tile4799817|pos23999081-23999132	129212	52	0:4 129212:5 0:3 129212:1 0:5
C	129212|CM110029.1|tile4799819|pos23999091-23999142	129212	52	0:4 129212:9 0:5
C	129212|CM110029.1|tile4799820|pos23999096-23999147	129212	52	0:13 129212:4 0:1
C	129212|CM110029.1|tile4799822|pos23999106-23999157	129212	52	129212:3 0:13 129212:1 0:1
C	129212|CM110029.1|tile4799823|pos23999111-23999162	129212	52	0:3 129212:4 0:5 129212:1 0:5
C	129212|CM110029.1|tile4799824|pos23999116-23999167	129212	52	0:8 129212:7 0:3
C	129212|CM110029.1|tile4799828|pos23999136-23999187	129212	52	0:4 129212:1 0:5 129212:7 0:1
C	129212|CM110029.1|tile4799829|pos23999141-23999192	129212	52	129212:5 0:9 129212:1 0:3
C	129212|CM110029.1|tile4799830|pos23999146-23999197	129212	52	0:7 129212:2 0:1 129212:8
C	129212|CM110029.1|tile4799833|pos23999161-23999212	129212	52	0:6 129212:1 0:9 129212:2
C	129212|CM110029.1|tile4799834|pos23999166-23999217	129212	52	0:3 129212:4 0:3 129212:1 0:7
C	129212|CM110029.1|tile4799835|pos23999171-23999222	129212	52	0:3 129212:2 0:9 129212:3 0:1
C	129212|CM110029.1|tile4799839|pos23999191-23999242	129212	52	0:2 129212:5 0:11
C	129212|CM110030.1|tile990517|pos4952581-4952632	129212	52	0:2 70243:1 0:13 129212:2
C	129212|CM110030.1|tile990518|pos4952586-4952637	129212	52	3193:6 0:10 129212:2
C	129212|CM110030.1|tile990523|pos4952611-4952662	129212	52	129212:1 0:1 129212:5 0:1 129212:2 0:8
C	129212|CM110030.1|tile990525|pos4952621-4952672	129212	52	129212:12 3211:5 129212:1
C	129212|CM110030.1|tile990530|pos4952646-4952697	129212	52	0:1 129212:4 0:9 129212:4
C	129212|CM110030.1|tile990539|pos4952691-4952742	129212	52	0:13 129212:2 0:1 3211:2
C	129212|CM110030.1|tile990544|pos4952716-4952767	129212	52	0:10 3211:2 129212:3 0:1 129212:2
C	129212|CM110030.1|tile990545|pos4952721-4952772	129212	52	0:5 129212:13
C	129212|CM110030.1|tile990548|pos4952736-4952787	129212	52	0:15 3211:2 129212:1
C	129212|CM110030.1|tile990550|pos4952746-4952797	129212	52	129212:5 0:5 129212:7 0:1
C	129212|CM110030.1|tile990552|pos4952756-4952807	129212	52	0:8 129212:4 3211:5 0:1
C	129212|CM110030.1|tile990556|pos4952776-4952827	129212	52	0:6 129212:6 0:5 395960:1
C	129212|CM110030.1|tile990568|pos4952836-4952887	129212	52	129212:7 0:11
C	129212|CM110030.1|tile990569|pos4952841-4952892	129212	52	0:2 129212:7 0:9
C	129212|CM110030.1|tile990570|pos4952846-4952897	129212	52	0:4 129212:1 0:5 129212:1 0:3 129212:4
C	129212|CM110030.1|tile990573|pos4952861-4952912	129212	52	0:4 129212:3 0:8 3211:1 0:2
C	129212|CM110030.1|tile990575|pos4952871-4952922	129212	52	129212:5 0:13
C	129212|CM110030.1|tile990576|pos4952876-4952927	129212	52	0:2 129212:7 0:1 129212:3 0:5
C	129212|CM110030.1|tile990577|pos4952881-4952932	129212	52	0:8 129212:5 0:1 129212:1 0:3
C	129212|CM110030.1|tile990580|pos4952896-4952947	129212	52	129212:9 0:1 129212:3 0:5
C	129212|CM110030.1|tile990581|pos4952901-4952952	129212	52	0:4 129212:1 0:12 129212:1
C	129212|CM110030.1|tile990583|pos4952911-4952962	129212	52	129212:7 0:5 129212:5 0:1
C	129212|CM110030.1|tile990585|pos4952921-4952972	129212	52	131567:2 0:5 129212:4 0:3 129212:4
C	129212|CM110030.1|tile990591|pos4952951-4953002	129212	52	129212:1 0:15 129212:2
C	129212|CM110030.1|tile990592|pos4952956-4953007	129212	52	129212:5 0:13
C	129212|CM110030.1|tile990593|pos4952961-4953012	129212	52	129212:6 0:12
C	129212|CM110030.1|tile990594|pos4952966-4953017	129212	52	0:6 129212:1 0:7 2759:4
